  utils.c
  transmute.c
w:\devaccelerator\aa\sharplit\clit\transmute.c(55): warning C4013: 'strlen' undefined; assuming extern returning int
w:\devaccelerator\aa\sharplit\clit\transmute.c(61): warning C4013: 'memset' undefined; assuming extern returning int
w:\devaccelerator\aa\sharplit\clit\transmute.c(62): warning C4018: '<': signed/unsigned mismatch
  manifest.c
w:\devaccelerator\aa\sharplit\clit\manifest.c(33): warning C4013: 'memset' undefined; assuming extern returning int
  mssha1.c
  lzxglue.c
w:\devaccelerator\aa\sharplit\clit\ext\newlzx\lzxglue.c(61): warning C4013: 'memcpy' undefined; assuming extern returning int
  lzxd.c
  litutil.c
  littags.c
  litsections.c
w:\devaccelerator\aa\sharplit\clit\ext\litsections.c(332): warning C4013: 'LZXinit' undefined; assuming extern returning int
w:\devaccelerator\aa\sharplit\clit\ext\litsections.c(402): warning C4013: 'LZXreset' undefined; assuming extern returning int
w:\devaccelerator\aa\sharplit\clit\ext\litsections.c(403): warning C4013: 'LZXdecompress' undefined; assuming extern returning int
  litmetatags.c
  litmanifest.c
  litlib.c
  litheaders.c
  litembiggen.c
w:\devaccelerator\aa\sharplit\clit\ext\litembiggen.c(314): warning C4018: '>': signed/unsigned mismatch
  litdrm.c
w:\devaccelerator\aa\sharplit\clit\ext\litdrm.c(383): warning C4244: 'function': conversion from 'time_t' to 'unsigned int', possible loss of data
  litdirectory.c
  litatom.c
  des.c
  hexdump.c
w:\devaccelerator\aa\sharplit\clit\hexdump.c(37): warning C4013: 'memset' undefined; assuming extern returning int
  explode.c
  Generating Code...
  Compiling...
  drm5.c
  display.c
w:\devaccelerator\aa\sharplit\clit\display.c(50): warning C4013: 'strcmp' undefined; assuming extern returning int
  clit.c
  Generating Code...
  CLit.vcxproj -> W:\DevAccelerator\aa\SharpLit\Debug\CLit.exe
  CLit.vcxproj -> W:\DevAccelerator\aa\SharpLit\Debug\CLit.pdb (Partial PDB)
