w:\devaccelerator\aa\sharplit\clit\debug\vc140.pdb
w:\devaccelerator\aa\sharplit\clit\debug\vc140.idb
w:\devaccelerator\aa\sharplit\clit\debug\explode.obj
w:\devaccelerator\aa\sharplit\clit\debug\hexdump.obj
w:\devaccelerator\aa\sharplit\clit\debug\des.obj
w:\devaccelerator\aa\sharplit\clit\debug\litatom.obj
w:\devaccelerator\aa\sharplit\clit\debug\litdirectory.obj
w:\devaccelerator\aa\sharplit\clit\debug\litdrm.obj
w:\devaccelerator\aa\sharplit\clit\debug\litembiggen.obj
w:\devaccelerator\aa\sharplit\clit\debug\litheaders.obj
w:\devaccelerator\aa\sharplit\clit\debug\litlib.obj
w:\devaccelerator\aa\sharplit\clit\debug\litmanifest.obj
w:\devaccelerator\aa\sharplit\clit\debug\litmetatags.obj
w:\devaccelerator\aa\sharplit\clit\debug\litsections.obj
w:\devaccelerator\aa\sharplit\clit\debug\littags.obj
w:\devaccelerator\aa\sharplit\clit\debug\litutil.obj
w:\devaccelerator\aa\sharplit\clit\debug\lzxd.obj
w:\devaccelerator\aa\sharplit\clit\debug\lzxglue.obj
w:\devaccelerator\aa\sharplit\clit\debug\mssha1.obj
w:\devaccelerator\aa\sharplit\clit\debug\manifest.obj
w:\devaccelerator\aa\sharplit\clit\debug\transmute.obj
w:\devaccelerator\aa\sharplit\clit\debug\utils.obj
w:\devaccelerator\aa\sharplit\clit\debug\clit.obj
w:\devaccelerator\aa\sharplit\clit\debug\display.obj
w:\devaccelerator\aa\sharplit\clit\debug\drm5.obj
w:\devaccelerator\aa\sharplit\debug\clit.ilk
w:\devaccelerator\aa\sharplit\debug\clit.exe
w:\devaccelerator\aa\sharplit\debug\clit.pdb
w:\devaccelerator\aa\sharplit\clit\debug\clit.tlog\cl.command.1.tlog
w:\devaccelerator\aa\sharplit\clit\debug\clit.tlog\cl.read.1.tlog
w:\devaccelerator\aa\sharplit\clit\debug\clit.tlog\cl.write.1.tlog
w:\devaccelerator\aa\sharplit\clit\debug\clit.tlog\link.command.1.tlog
w:\devaccelerator\aa\sharplit\clit\debug\clit.tlog\link.read.1.tlog
w:\devaccelerator\aa\sharplit\clit\debug\clit.tlog\link.write.1.tlog
